[debug] [2021-12-31T11:59:58.414Z] ----------------------------------------------------------------------
[debug] [2021-12-31T11:59:58.416Z] Command:       /usr/local/bin/node /usr/local/bin/firebase init
[debug] [2021-12-31T11:59:58.416Z] CLI Version:   10.0.1
[debug] [2021-12-31T11:59:58.416Z] Platform:      darwin
[debug] [2021-12-31T11:59:58.416Z] Node Version:  v12.18.4
[debug] [2021-12-31T11:59:58.417Z] Time:          Fri Dec 31 2021 12:59:58 GMT+0100 (West Africa Standard Time)
[debug] [2021-12-31T11:59:58.417Z] ----------------------------------------------------------------------
[debug] 
[debug] [2021-12-31T11:59:58.422Z] > command requires scopes: ["email","openid","https://www.googleapis.com/auth/cloudplatformprojects.readonly","https://www.googleapis.com/auth/firebase","https://www.googleapis.com/auth/cloud-platform"]
[debug] [2021-12-31T11:59:58.423Z] > authorizing via signed-in user (doyin.kassem@gmail.com)
[info] 
     ######## #### ########  ######## ########     ###     ######  ########
     ##        ##  ##     ## ##       ##     ##  ##   ##  ##       ##
     ######    ##  ########  ######   ########  #########  ######  ######
     ##        ##  ##    ##  ##       ##     ## ##     ##       ## ##
     ##       #### ##     ## ######## ########  ##     ##  ######  ########

You're about to initialize a Firebase project in this directory:

  /Users/digital_01/Desktop/firebase

[info] 
=== Project Setup
[info] 
[info] First, let's associate this project directory with a Firebase project.
[info] You can create multiple project aliases by running firebase use --add, 
[info] but for now we'll just set up a default project.
[info] 
[debug] [2021-12-31T12:00:21.626Z] >>> [apiv2][query] GET https://firebase.googleapis.com/v1beta1/projects pageSize=100
[debug] [2021-12-31T12:00:22.997Z] <<< [apiv2][status] GET https://firebase.googleapis.com/v1beta1/projects 200
[debug] [2021-12-31T12:00:22.997Z] <<< [apiv2][body] GET https://firebase.googleapis.com/v1beta1/projects [omitted]
[info] i  Using project samplehosting-ebd55 (sampleHosting) 
[info] 
=== Hosting Setup
[info] 
[info] Your public directory is the folder (relative to your project directory) that
[info] will contain Hosting assets to be uploaded with firebase deploy. If you
[info] have a build process for your assets, use your build's output directory.
[info] 
[info] ✔  Wrote public/404.html 
[debug] [2021-12-31T12:00:45.106Z] >>> [apiv2][query] GET https://www.gstatic.com/firebasejs/releases.json [none]
[debug] [2021-12-31T12:00:46.530Z] <<< [apiv2][status] GET https://www.gstatic.com/firebasejs/releases.json 200
[debug] [2021-12-31T12:00:46.531Z] <<< [apiv2][body] GET https://www.gstatic.com/firebasejs/releases.json {"current":{"version":"9.6.1","browserURL":"https://www.gstatic.com/firebasejs/9.6.1/firebase.js","packageURL":"https://www.gstatic.com/firebasejs/9.6.1/firebase.tgz"},"live":{"version":"9.6","browserURL":"https://www.gstatic.com/firebasejs/live/9.6/firebase.js","packageURL":"https://www.gstatic.com/firebasejs/live/9.6/firebase.tgz"},"components":{"analytics":"https://www.gstatic.com/firebasejs/9.6.1/firebase-analytics.js","app":"https://www.gstatic.com/firebasejs/9.6.1/firebase-app.js","app-check":"https://www.gstatic.com/firebasejs/9.6.1/firebase-app-check.js","auth":"https://www.gstatic.com/firebasejs/9.6.1/firebase-auth.js","auth/cordova":"https://www.gstatic.com/firebasejs/9.6.1/firebase-auth/cordova.js","auth/react-native":"https://www.gstatic.com/firebasejs/9.6.1/firebase-auth/react-native.js","functions":"https://www.gstatic.com/firebasejs/9.6.1/firebase-functions.js","firestore":"https://www.gstatic.com/firebasejs/9.6.1/firebase-firestore.js","firestore/lite":"https://www.gstatic.com/firebasejs/9.6.1/firebase-firestore/lite.js","storage":"https://www.gstatic.com/firebasejs/9.6.1/firebase-storage.js","performance":"https://www.gstatic.com/firebasejs/9.6.1/firebase-performance.js","remote-config":"https://www.gstatic.com/firebasejs/9.6.1/firebase-remote-config.js","messaging":"https://www.gstatic.com/firebasejs/9.6.1/firebase-messaging.js","messaging/sw":"https://www.gstatic.com/firebasejs/9.6.1/firebase-messaging/sw.js","database":"https://www.gstatic.com/firebasejs/9.6.1/firebase-database.js","firestore.memory":"https://www.gstatic.com/firebasejs/9.6.1/firebase-firestore.memory.js"}}
[info] ✔  Wrote public/index.html 
[info] 
[info] i  Didn't detect a .git folder. Assuming /Users/digital_01/Desktop/firebase is the project root. 
[info] i  Authorizing with GitHub to upload your service account to a GitHub repository's secrets store. 
[info] 
[info] Visit this URL on this device to log in:
[info] https://github.com/login/oauth/authorize?client_id=89cf50f02ac6aaed3484&state=802571780&redirect_uri=http%3A%2F%2Flocalhost%3A9005&scope=read%3Auser%20repo%20public_repo
[info] 
[info] Waiting for authentication...
[debug] [2021-12-31T12:01:19.329Z] >>> HTTP REQUEST POST https://github.com/login/oauth/access_token  
 {"client_id":"89cf50f02ac6aaed3484","client_secret":"3330d14abc895d9a74d5f17cd7a00711fa2c5bf0","code":"1a0b3714c0040f6ccc8f","redirect_uri":"http://localhost:9005","state":"802571780"}
[debug] [2021-12-31T12:01:20.119Z] <<< HTTP RESPONSE 200 {"server":"GitHub.com","date":"Fri, 31 Dec 2021 12:01:20 GMT","content-type":"application/json; charset=utf-8","transfer-encoding":"chunked","vary":"X-PJAX, X-PJAX-Container, Accept-Encoding, Accept, X-Requested-With","permissions-policy":"interest-cohort=()","etag":"W/\"d1a9b33a5fc9fd905ff9f6e9f216f5ff\"","cache-control":"max-age=0, private, must-revalidate","strict-transport-security":"max-age=31536000; includeSubdomains; preload","x-frame-options":"deny","x-content-type-options":"nosniff","x-xss-protection":"0","referrer-policy":"origin-when-cross-origin, strict-origin-when-cross-origin","expect-ct":"max-age=2592000, report-uri=\"https://api.github.com/_private/browser/errors\"","content-security-policy":"default-src 'none'; base-uri 'self'; block-all-mixed-content; child-src github.com/assets-cdn/worker/ gist.github.com/assets-cdn/worker/; connect-src 'self' uploads.github.com objects-origin.githubusercontent.com www.githubstatus.com collector.githubapp.com api.github.com github-cloud.s3.amazonaws.com github-production-repository-file-5c1aeb.s3.amazonaws.com github-production-upload-manifest-file-7fdce7.s3.amazonaws.com github-production-user-asset-6210df.s3.amazonaws.com cdn.optimizely.com logx.optimizely.com/v1/events translator.github.com wss://alive.github.com; font-src github.githubassets.com; form-action 'self' github.com gist.github.com objects-origin.githubusercontent.com; frame-ancestors 'none'; frame-src render.githubusercontent.com viewscreen.githubusercontent.com notebooks.githubusercontent.com; img-src 'self' data: github.githubassets.com identicons.github.com collector.githubapp.com github-cloud.s3.amazonaws.com secured-user-images.githubusercontent.com/ *.githubusercontent.com; manifest-src 'self'; media-src github.com user-images.githubusercontent.com/; script-src github.githubassets.com; style-src 'unsafe-inline' github.githubassets.com; worker-src github.com/assets-cdn/worker/ gist.github.com/assets-cdn/worker/","x-github-request-id":"5681:F90D:321582A:348356B:61CEF10F"}
[debug] [2021-12-31T12:01:20.128Z] >>> [apiv2][query] GET https://api.github.com/user [none]
[debug] [2021-12-31T12:01:20.940Z] <<< [apiv2][status] GET https://api.github.com/user 200
[debug] [2021-12-31T12:01:20.940Z] <<< [apiv2][body] GET https://api.github.com/user {"login":"pxdsgnco","id":14163800,"node_id":"MDQ6VXNlcjE0MTYzODAw","avatar_url":"https://avatars.githubusercontent.com/u/14163800?v=4","gravatar_id":"","url":"https://api.github.com/users/pxdsgnco","html_url":"https://github.com/pxdsgnco","followers_url":"https://api.github.com/users/pxdsgnco/followers","following_url":"https://api.github.com/users/pxdsgnco/following{/other_user}","gists_url":"https://api.github.com/users/pxdsgnco/gists{/gist_id}","starred_url":"https://api.github.com/users/pxdsgnco/starred{/owner}{/repo}","subscriptions_url":"https://api.github.com/users/pxdsgnco/subscriptions","organizations_url":"https://api.github.com/users/pxdsgnco/orgs","repos_url":"https://api.github.com/users/pxdsgnco/repos","events_url":"https://api.github.com/users/pxdsgnco/events{/privacy}","received_events_url":"https://api.github.com/users/pxdsgnco/received_events","type":"User","site_admin":false,"name":"'Dedoyin Kassem","company":"PxDsgn Co.","blog":"www.pxdsgnco.xyz","location":"Lagos, Nigeria","email":null,"hireable":true,"bio":"A multidisciplinary digital designer, focused on UX/UI Design and Dev. Currently working at GTBank Plc.","twitter_username":null,"public_repos":4,"public_gists":15,"followers":0,"following":1,"created_at":"2015-09-07T14:09:44Z","updated_at":"2021-12-30T13:55:52Z","private_gists":3,"total_private_repos":6,"owned_private_repos":6,"disk_usage":2803,"collaborators":0,"two_factor_authentication":false,"plan":{"name":"free","space":976562499,"collaborators":0,"private_repos":10000}}
[info] 
[info] ✔  Success! Logged into GitHub as pxdsgnco 
[info] 
